{"name": "test_methodD", "status": "failed", "statusDetails": {"message": "AssertionError: assert False", "trace": "def test_methodD():\n        print(\"This is method D\")\n>       assert False\nE       assert False\n\ntest_allureSteps.py:20: AssertionError"}, "start": 1597126819595, "stop": 1597126819595, "uuid": "3485502f-1fe8-47b2-a5ce-ae4563b8235c", "historyId": "4e9a78f0b5936ad839d7879bec285452", "testCaseId": "cff95f6c75ce6d819fb5780c275dd8a9", "fullName": "test_allureSteps#test_methodD", "labels": [{"name": "suite", "value": "test_allureSteps"}, {"name": "host", "value": "DESKTOP-PV80P6O"}, {"name": "thread", "value": "2712-MainThread"}, {"name": "framework", "value": "pytest"}, {"name": "language", "value": "cpython3"}, {"name": "package", "value": "test_allureSteps"}]}